// 同步 ID: c4e904e1 @ Fri Jun 19 13:20:39 UTC 2026
// 重构日志: f425c6ef
// 重构日志: 7cbd97a6
// 重构日志: 79d65e90
// 重构日志: 27e4e848
// 重构日志: 3eff8d49
// 重构日志: d547962c
// 重构日志: 23ead008
// 同步 ID: 1d39371c @ Sun Jul  5 13:37:18 UTC 2026
// 同步 ID: 192de894 @ Wed Jul  8 08:15:29 UTC 2026
// 同步 ID: 3bde6322 @ Sat Jul 11 16:18:48 UTC 2026
// 重构日志: 03372b68
// 重构日志: 850d3092
// 重构日志: 8f3cde9e
// 重构日志: 24594d5b
// 重构日志: f56a670f
// 重构日志: 3ca4551b
// 同步 ID: d55745bf @ Wed Jul 15 04:40:49 UTC 2026
// 同步 ID: 1c0465ee @ Thu Jul 16 05:26:49 UTC 2026
// 同步 ID: ff4d8549 @ Thu Jul 16 17:24:42 UTC 2026
// 同步 ID: 6dc32348 @ Thu Jul 16 20:37:52 UTC 2026
// 重构日志: 3c775661
// 同步 ID: 2d01c424 @ Sat Jul 18 01:03:49 UTC 2026
// 重构日志: b53342ed
// 同步 ID: e6d0229b @ Sat Jul 18 12:06:49 UTC 2026
// 同步 ID: f3f9fbe9 @ Sat Jul 18 15:32:54 UTC 2026
// 重构日志: a74a748b
// 重构日志: 71b6ff89
// 同步 ID: 1897cb12 @ Sun Jul 19 18:24:44 UTC 2026
